0 info it worked if it ends with ok
1 verbose cli [ '/usr/local/Cellar/node/6.4.0/bin/node',
1 verbose cli   '/usr/local/bin/npm',
1 verbose cli   'start' ]
2 info using npm@3.10.3
3 info using node@v6.4.0
4 verbose run-script [ 'prestart', 'start', 'poststart' ]
5 info lifecycle adding-react-to-rails@1.0.0~prestart: adding-react-to-rails@1.0.0
6 silly lifecycle adding-react-to-rails@1.0.0~prestart: no script for prestart, continuing
7 info lifecycle adding-react-to-rails@1.0.0~start: adding-react-to-rails@1.0.0
8 verbose lifecycle adding-react-to-rails@1.0.0~start: unsafe-perm in lifecycle true
9 verbose lifecycle adding-react-to-rails@1.0.0~start: PATH: /usr/local/lib/node_modules/npm/bin/node-gyp-bin:/Users/jeffreyfriedman/OneDrive/Projects/breakable_toy/node_modules/.bin:/usr/local/Cellar/node/6.4.0/bin:/Users/jeffreyfriedman/.gem/ruby/2.3.1/bin:/Users/jeffreyfriedman/.rubies/ruby-2.3.1/lib/ruby/gems/2.3.0/bin:/Users/jeffreyfriedman/.rubies/ruby-2.3.1/bin:/usr/local/bin:/usr/bin:/bin:/usr/sbin:/sbin:/Applications/Postgres.app/Contents/Versions/9.5/bin
10 verbose lifecycle adding-react-to-rails@1.0.0~start: CWD: /Users/jeffreyfriedman/OneDrive/Projects/breakable_toy
11 silly lifecycle adding-react-to-rails@1.0.0~start: Args: [ '-c', 'npm run webpack -- --watch' ]
12 silly lifecycle adding-react-to-rails@1.0.0~start: Returned: code: 1  signal: null
13 info lifecycle adding-react-to-rails@1.0.0~start: Failed to exec start script
14 verbose stack Error: adding-react-to-rails@1.0.0 start: `npm run webpack -- --watch`
14 verbose stack Exit status 1
14 verbose stack     at EventEmitter.<anonymous> (/usr/local/lib/node_modules/npm/lib/utils/lifecycle.js:242:16)
14 verbose stack     at emitTwo (events.js:106:13)
14 verbose stack     at EventEmitter.emit (events.js:191:7)
14 verbose stack     at ChildProcess.<anonymous> (/usr/local/lib/node_modules/npm/lib/utils/spawn.js:40:14)
14 verbose stack     at emitTwo (events.js:106:13)
14 verbose stack     at ChildProcess.emit (events.js:191:7)
14 verbose stack     at maybeClose (internal/child_process.js:852:16)
14 verbose stack     at Process.ChildProcess._handle.onexit (internal/child_process.js:215:5)
15 verbose pkgid adding-react-to-rails@1.0.0
16 verbose cwd /Users/jeffreyfriedman/OneDrive/Projects/breakable_toy
17 error Darwin 16.0.0
18 error argv "/usr/local/Cellar/node/6.4.0/bin/node" "/usr/local/bin/npm" "start"
19 error node v6.4.0
20 error npm  v3.10.3
21 error code ELIFECYCLE
22 error adding-react-to-rails@1.0.0 start: `npm run webpack -- --watch`
22 error Exit status 1
23 error Failed at the adding-react-to-rails@1.0.0 start script 'npm run webpack -- --watch'.
23 error Make sure you have the latest version of node.js and npm installed.
23 error If you do, this is most likely a problem with the adding-react-to-rails package,
23 error not with npm itself.
23 error Tell the author that this fails on your system:
23 error     npm run webpack -- --watch
23 error You can get information on how to open an issue for this project with:
23 error     npm bugs adding-react-to-rails
23 error Or if that isn't available, you can get their info via:
23 error     npm owner ls adding-react-to-rails
23 error There is likely additional logging output above.
24 verbose exit [ 1, true ]
